ERROR - 2024-12-03 21:46:03 --> mysqli_sql_exception: Duplicate entry '0' for key 'pagos.transaccion_id' in /var/www/html/pagos/system/Database/MySQLi/Connection.php:312
Stack trace:
#0 /var/www/html/pagos/system/Database/MySQLi/Connection.php(312): mysqli->query()
#1 /var/www/html/pagos/system/Database/BaseConnection.php(734): CodeIgniter\Database\MySQLi\Connection->execute()
#2 /var/www/html/pagos/system/Database/BaseConnection.php(648): CodeIgniter\Database\BaseConnection->simpleQuery()
#3 /var/www/html/pagos/system/Database/BaseBuilder.php(2516): CodeIgniter\Database\BaseConnection->query()
#4 /var/www/html/pagos/system/Model.php(461): CodeIgniter\Database\BaseBuilder->update()
#5 /var/www/html/pagos/system/BaseModel.php(1028): CodeIgniter\Model->doUpdate()
#6 /var/www/html/pagos/system/Model.php(865): CodeIgniter\BaseModel->update()
#7 /var/www/html/pagos/app/Controllers/PagoController.php(73): CodeIgniter\Model->update()
#8 /var/www/html/pagos/system/CodeIgniter.php(933): App\Controllers\PagoController->update()
#9 /var/www/html/pagos/system/CodeIgniter.php(509): CodeIgniter\CodeIgniter->runController()
#10 /var/www/html/pagos/system/CodeIgniter.php(355): CodeIgniter\CodeIgniter->handleRequest()
#11 /var/www/html/pagos/system/Boot.php(325): CodeIgniter\CodeIgniter->run()
#12 /var/www/html/pagos/system/Boot.php(67): CodeIgniter\Boot::runCodeIgniter()
#13 /var/www/html/pagos/public/index.php(56): CodeIgniter\Boot::bootWeb()
#14 {main}
CRITICAL - 2024-12-03 21:46:03 --> CodeIgniter\Database\Exceptions\DatabaseException: Duplicate entry '0' for key 'pagos.transaccion_id'
[Method: POST, Route: pagos/8/update]
in SYSTEMPATH/Database/BaseConnection.php on line 688.
 1 SYSTEMPATH/Database/BaseBuilder.php(2516): CodeIgniter\Database\BaseConnection->query()
 2 SYSTEMPATH/Model.php(461): CodeIgniter\Database\BaseBuilder->update()
 3 SYSTEMPATH/BaseModel.php(1028): CodeIgniter\Model->doUpdate()
 4 SYSTEMPATH/Model.php(865): CodeIgniter\BaseModel->update()
 5 APPPATH/Controllers/PagoController.php(73): CodeIgniter\Model->update()
 6 SYSTEMPATH/CodeIgniter.php(933): App\Controllers\PagoController->update()
 7 SYSTEMPATH/CodeIgniter.php(509): CodeIgniter\CodeIgniter->runController()
 8 SYSTEMPATH/CodeIgniter.php(355): CodeIgniter\CodeIgniter->handleRequest()
 9 SYSTEMPATH/Boot.php(325): CodeIgniter\CodeIgniter->run()
10 SYSTEMPATH/Boot.php(67): CodeIgniter\Boot::runCodeIgniter()
11 FCPATH/index.php(56): CodeIgniter\Boot::bootWeb()
CRITICAL - 2024-12-03 21:46:03 --> [Caused by] CodeIgniter\Database\Exceptions\DatabaseException: Duplicate entry '0' for key 'pagos.transaccion_id'
in SYSTEMPATH/Database/MySQLi/Connection.php on line 317.
 1 SYSTEMPATH/Database/BaseConnection.php(734): CodeIgniter\Database\MySQLi\Connection->execute()
 2 SYSTEMPATH/Database/BaseConnection.php(648): CodeIgniter\Database\BaseConnection->simpleQuery()
 3 SYSTEMPATH/Database/BaseBuilder.php(2516): CodeIgniter\Database\BaseConnection->query()
 4 SYSTEMPATH/Model.php(461): CodeIgniter\Database\BaseBuilder->update()
 5 SYSTEMPATH/BaseModel.php(1028): CodeIgniter\Model->doUpdate()
 6 SYSTEMPATH/Model.php(865): CodeIgniter\BaseModel->update()
 7 APPPATH/Controllers/PagoController.php(73): CodeIgniter\Model->update()
 8 SYSTEMPATH/CodeIgniter.php(933): App\Controllers\PagoController->update()
 9 SYSTEMPATH/CodeIgniter.php(509): CodeIgniter\CodeIgniter->runController()
10 SYSTEMPATH/CodeIgniter.php(355): CodeIgniter\CodeIgniter->handleRequest()
11 SYSTEMPATH/Boot.php(325): CodeIgniter\CodeIgniter->run()
12 SYSTEMPATH/Boot.php(67): CodeIgniter\Boot::runCodeIgniter()
13 FCPATH/index.php(56): CodeIgniter\Boot::bootWeb()
CRITICAL - 2024-12-03 21:46:03 --> [Caused by] mysqli_sql_exception: Duplicate entry '0' for key 'pagos.transaccion_id'
in SYSTEMPATH/Database/MySQLi/Connection.php on line 312.
 1 SYSTEMPATH/Database/MySQLi/Connection.php(312): mysqli->query()
 2 SYSTEMPATH/Database/BaseConnection.php(734): CodeIgniter\Database\MySQLi\Connection->execute()
 3 SYSTEMPATH/Database/BaseConnection.php(648): CodeIgniter\Database\BaseConnection->simpleQuery()
 4 SYSTEMPATH/Database/BaseBuilder.php(2516): CodeIgniter\Database\BaseConnection->query()
 5 SYSTEMPATH/Model.php(461): CodeIgniter\Database\BaseBuilder->update()
 6 SYSTEMPATH/BaseModel.php(1028): CodeIgniter\Model->doUpdate()
 7 SYSTEMPATH/Model.php(865): CodeIgniter\BaseModel->update()
 8 APPPATH/Controllers/PagoController.php(73): CodeIgniter\Model->update()
 9 SYSTEMPATH/CodeIgniter.php(933): App\Controllers\PagoController->update()
10 SYSTEMPATH/CodeIgniter.php(509): CodeIgniter\CodeIgniter->runController()
11 SYSTEMPATH/CodeIgniter.php(355): CodeIgniter\CodeIgniter->handleRequest()
12 SYSTEMPATH/Boot.php(325): CodeIgniter\CodeIgniter->run()
13 SYSTEMPATH/Boot.php(67): CodeIgniter\Boot::runCodeIgniter()
14 FCPATH/index.php(56): CodeIgniter\Boot::bootWeb()
ERROR - 2024-12-03 21:46:50 --> mysqli_sql_exception: Duplicate entry '0' for key 'pagos.transaccion_id' in /var/www/html/pagos/system/Database/MySQLi/Connection.php:312
Stack trace:
#0 /var/www/html/pagos/system/Database/MySQLi/Connection.php(312): mysqli->query()
#1 /var/www/html/pagos/system/Database/BaseConnection.php(734): CodeIgniter\Database\MySQLi\Connection->execute()
#2 /var/www/html/pagos/system/Database/BaseConnection.php(648): CodeIgniter\Database\BaseConnection->simpleQuery()
#3 /var/www/html/pagos/system/Database/BaseBuilder.php(2516): CodeIgniter\Database\BaseConnection->query()
#4 /var/www/html/pagos/system/Model.php(461): CodeIgniter\Database\BaseBuilder->update()
#5 /var/www/html/pagos/system/BaseModel.php(1028): CodeIgniter\Model->doUpdate()
#6 /var/www/html/pagos/system/Model.php(865): CodeIgniter\BaseModel->update()
#7 /var/www/html/pagos/app/Controllers/PagoController.php(73): CodeIgniter\Model->update()
#8 /var/www/html/pagos/system/CodeIgniter.php(933): App\Controllers\PagoController->update()
#9 /var/www/html/pagos/system/CodeIgniter.php(509): CodeIgniter\CodeIgniter->runController()
#10 /var/www/html/pagos/system/CodeIgniter.php(355): CodeIgniter\CodeIgniter->handleRequest()
#11 /var/www/html/pagos/system/Boot.php(325): CodeIgniter\CodeIgniter->run()
#12 /var/www/html/pagos/system/Boot.php(67): CodeIgniter\Boot::runCodeIgniter()
#13 /var/www/html/pagos/public/index.php(56): CodeIgniter\Boot::bootWeb()
#14 {main}
CRITICAL - 2024-12-03 21:46:50 --> CodeIgniter\Database\Exceptions\DatabaseException: Duplicate entry '0' for key 'pagos.transaccion_id'
[Method: POST, Route: pagos/15/update]
in SYSTEMPATH/Database/BaseConnection.php on line 688.
 1 SYSTEMPATH/Database/BaseBuilder.php(2516): CodeIgniter\Database\BaseConnection->query()
 2 SYSTEMPATH/Model.php(461): CodeIgniter\Database\BaseBuilder->update()
 3 SYSTEMPATH/BaseModel.php(1028): CodeIgniter\Model->doUpdate()
 4 SYSTEMPATH/Model.php(865): CodeIgniter\BaseModel->update()
 5 APPPATH/Controllers/PagoController.php(73): CodeIgniter\Model->update()
 6 SYSTEMPATH/CodeIgniter.php(933): App\Controllers\PagoController->update()
 7 SYSTEMPATH/CodeIgniter.php(509): CodeIgniter\CodeIgniter->runController()
 8 SYSTEMPATH/CodeIgniter.php(355): CodeIgniter\CodeIgniter->handleRequest()
 9 SYSTEMPATH/Boot.php(325): CodeIgniter\CodeIgniter->run()
10 SYSTEMPATH/Boot.php(67): CodeIgniter\Boot::runCodeIgniter()
11 FCPATH/index.php(56): CodeIgniter\Boot::bootWeb()
CRITICAL - 2024-12-03 21:46:50 --> [Caused by] CodeIgniter\Database\Exceptions\DatabaseException: Duplicate entry '0' for key 'pagos.transaccion_id'
in SYSTEMPATH/Database/MySQLi/Connection.php on line 317.
 1 SYSTEMPATH/Database/BaseConnection.php(734): CodeIgniter\Database\MySQLi\Connection->execute()
 2 SYSTEMPATH/Database/BaseConnection.php(648): CodeIgniter\Database\BaseConnection->simpleQuery()
 3 SYSTEMPATH/Database/BaseBuilder.php(2516): CodeIgniter\Database\BaseConnection->query()
 4 SYSTEMPATH/Model.php(461): CodeIgniter\Database\BaseBuilder->update()
 5 SYSTEMPATH/BaseModel.php(1028): CodeIgniter\Model->doUpdate()
 6 SYSTEMPATH/Model.php(865): CodeIgniter\BaseModel->update()
 7 APPPATH/Controllers/PagoController.php(73): CodeIgniter\Model->update()
 8 SYSTEMPATH/CodeIgniter.php(933): App\Controllers\PagoController->update()
 9 SYSTEMPATH/CodeIgniter.php(509): CodeIgniter\CodeIgniter->runController()
10 SYSTEMPATH/CodeIgniter.php(355): CodeIgniter\CodeIgniter->handleRequest()
11 SYSTEMPATH/Boot.php(325): CodeIgniter\CodeIgniter->run()
12 SYSTEMPATH/Boot.php(67): CodeIgniter\Boot::runCodeIgniter()
13 FCPATH/index.php(56): CodeIgniter\Boot::bootWeb()
CRITICAL - 2024-12-03 21:46:50 --> [Caused by] mysqli_sql_exception: Duplicate entry '0' for key 'pagos.transaccion_id'
in SYSTEMPATH/Database/MySQLi/Connection.php on line 312.
 1 SYSTEMPATH/Database/MySQLi/Connection.php(312): mysqli->query()
 2 SYSTEMPATH/Database/BaseConnection.php(734): CodeIgniter\Database\MySQLi\Connection->execute()
 3 SYSTEMPATH/Database/BaseConnection.php(648): CodeIgniter\Database\BaseConnection->simpleQuery()
 4 SYSTEMPATH/Database/BaseBuilder.php(2516): CodeIgniter\Database\BaseConnection->query()
 5 SYSTEMPATH/Model.php(461): CodeIgniter\Database\BaseBuilder->update()
 6 SYSTEMPATH/BaseModel.php(1028): CodeIgniter\Model->doUpdate()
 7 SYSTEMPATH/Model.php(865): CodeIgniter\BaseModel->update()
 8 APPPATH/Controllers/PagoController.php(73): CodeIgniter\Model->update()
 9 SYSTEMPATH/CodeIgniter.php(933): App\Controllers\PagoController->update()
10 SYSTEMPATH/CodeIgniter.php(509): CodeIgniter\CodeIgniter->runController()
11 SYSTEMPATH/CodeIgniter.php(355): CodeIgniter\CodeIgniter->handleRequest()
12 SYSTEMPATH/Boot.php(325): CodeIgniter\CodeIgniter->run()
13 SYSTEMPATH/Boot.php(67): CodeIgniter\Boot::runCodeIgniter()
14 FCPATH/index.php(56): CodeIgniter\Boot::bootWeb()
ERROR - 2024-12-03 21:46:57 --> mysqli_sql_exception: Duplicate entry '0' for key 'pagos.transaccion_id' in /var/www/html/pagos/system/Database/MySQLi/Connection.php:312
Stack trace:
#0 /var/www/html/pagos/system/Database/MySQLi/Connection.php(312): mysqli->query()
#1 /var/www/html/pagos/system/Database/BaseConnection.php(734): CodeIgniter\Database\MySQLi\Connection->execute()
#2 /var/www/html/pagos/system/Database/BaseConnection.php(648): CodeIgniter\Database\BaseConnection->simpleQuery()
#3 /var/www/html/pagos/system/Database/BaseBuilder.php(2516): CodeIgniter\Database\BaseConnection->query()
#4 /var/www/html/pagos/system/Model.php(461): CodeIgniter\Database\BaseBuilder->update()
#5 /var/www/html/pagos/system/BaseModel.php(1028): CodeIgniter\Model->doUpdate()
#6 /var/www/html/pagos/system/Model.php(865): CodeIgniter\BaseModel->update()
#7 /var/www/html/pagos/app/Controllers/PagoController.php(73): CodeIgniter\Model->update()
#8 /var/www/html/pagos/system/CodeIgniter.php(933): App\Controllers\PagoController->update()
#9 /var/www/html/pagos/system/CodeIgniter.php(509): CodeIgniter\CodeIgniter->runController()
#10 /var/www/html/pagos/system/CodeIgniter.php(355): CodeIgniter\CodeIgniter->handleRequest()
#11 /var/www/html/pagos/system/Boot.php(325): CodeIgniter\CodeIgniter->run()
#12 /var/www/html/pagos/system/Boot.php(67): CodeIgniter\Boot::runCodeIgniter()
#13 /var/www/html/pagos/public/index.php(56): CodeIgniter\Boot::bootWeb()
#14 {main}
CRITICAL - 2024-12-03 21:46:57 --> CodeIgniter\Database\Exceptions\DatabaseException: Duplicate entry '0' for key 'pagos.transaccion_id'
[Method: POST, Route: pagos/15/update]
in SYSTEMPATH/Database/BaseConnection.php on line 688.
 1 SYSTEMPATH/Database/BaseBuilder.php(2516): CodeIgniter\Database\BaseConnection->query()
 2 SYSTEMPATH/Model.php(461): CodeIgniter\Database\BaseBuilder->update()
 3 SYSTEMPATH/BaseModel.php(1028): CodeIgniter\Model->doUpdate()
 4 SYSTEMPATH/Model.php(865): CodeIgniter\BaseModel->update()
 5 APPPATH/Controllers/PagoController.php(73): CodeIgniter\Model->update()
 6 SYSTEMPATH/CodeIgniter.php(933): App\Controllers\PagoController->update()
 7 SYSTEMPATH/CodeIgniter.php(509): CodeIgniter\CodeIgniter->runController()
 8 SYSTEMPATH/CodeIgniter.php(355): CodeIgniter\CodeIgniter->handleRequest()
 9 SYSTEMPATH/Boot.php(325): CodeIgniter\CodeIgniter->run()
10 SYSTEMPATH/Boot.php(67): CodeIgniter\Boot::runCodeIgniter()
11 FCPATH/index.php(56): CodeIgniter\Boot::bootWeb()
CRITICAL - 2024-12-03 21:46:57 --> [Caused by] CodeIgniter\Database\Exceptions\DatabaseException: Duplicate entry '0' for key 'pagos.transaccion_id'
in SYSTEMPATH/Database/MySQLi/Connection.php on line 317.
 1 SYSTEMPATH/Database/BaseConnection.php(734): CodeIgniter\Database\MySQLi\Connection->execute()
 2 SYSTEMPATH/Database/BaseConnection.php(648): CodeIgniter\Database\BaseConnection->simpleQuery()
 3 SYSTEMPATH/Database/BaseBuilder.php(2516): CodeIgniter\Database\BaseConnection->query()
 4 SYSTEMPATH/Model.php(461): CodeIgniter\Database\BaseBuilder->update()
 5 SYSTEMPATH/BaseModel.php(1028): CodeIgniter\Model->doUpdate()
 6 SYSTEMPATH/Model.php(865): CodeIgniter\BaseModel->update()
 7 APPPATH/Controllers/PagoController.php(73): CodeIgniter\Model->update()
 8 SYSTEMPATH/CodeIgniter.php(933): App\Controllers\PagoController->update()
 9 SYSTEMPATH/CodeIgniter.php(509): CodeIgniter\CodeIgniter->runController()
10 SYSTEMPATH/CodeIgniter.php(355): CodeIgniter\CodeIgniter->handleRequest()
11 SYSTEMPATH/Boot.php(325): CodeIgniter\CodeIgniter->run()
12 SYSTEMPATH/Boot.php(67): CodeIgniter\Boot::runCodeIgniter()
13 FCPATH/index.php(56): CodeIgniter\Boot::bootWeb()
CRITICAL - 2024-12-03 21:46:57 --> [Caused by] mysqli_sql_exception: Duplicate entry '0' for key 'pagos.transaccion_id'
in SYSTEMPATH/Database/MySQLi/Connection.php on line 312.
 1 SYSTEMPATH/Database/MySQLi/Connection.php(312): mysqli->query()
 2 SYSTEMPATH/Database/BaseConnection.php(734): CodeIgniter\Database\MySQLi\Connection->execute()
 3 SYSTEMPATH/Database/BaseConnection.php(648): CodeIgniter\Database\BaseConnection->simpleQuery()
 4 SYSTEMPATH/Database/BaseBuilder.php(2516): CodeIgniter\Database\BaseConnection->query()
 5 SYSTEMPATH/Model.php(461): CodeIgniter\Database\BaseBuilder->update()
 6 SYSTEMPATH/BaseModel.php(1028): CodeIgniter\Model->doUpdate()
 7 SYSTEMPATH/Model.php(865): CodeIgniter\BaseModel->update()
 8 APPPATH/Controllers/PagoController.php(73): CodeIgniter\Model->update()
 9 SYSTEMPATH/CodeIgniter.php(933): App\Controllers\PagoController->update()
10 SYSTEMPATH/CodeIgniter.php(509): CodeIgniter\CodeIgniter->runController()
11 SYSTEMPATH/CodeIgniter.php(355): CodeIgniter\CodeIgniter->handleRequest()
12 SYSTEMPATH/Boot.php(325): CodeIgniter\CodeIgniter->run()
13 SYSTEMPATH/Boot.php(67): CodeIgniter\Boot::runCodeIgniter()
14 FCPATH/index.php(56): CodeIgniter\Boot::bootWeb()
ERROR - 2024-12-03 21:48:55 --> mysqli_sql_exception: Duplicate entry '0' for key 'pagos.transaccion_id' in /var/www/html/pagos/system/Database/MySQLi/Connection.php:312
Stack trace:
#0 /var/www/html/pagos/system/Database/MySQLi/Connection.php(312): mysqli->query()
#1 /var/www/html/pagos/system/Database/BaseConnection.php(734): CodeIgniter\Database\MySQLi\Connection->execute()
#2 /var/www/html/pagos/system/Database/BaseConnection.php(648): CodeIgniter\Database\BaseConnection->simpleQuery()
#3 /var/www/html/pagos/system/Database/BaseBuilder.php(2516): CodeIgniter\Database\BaseConnection->query()
#4 /var/www/html/pagos/system/Model.php(461): CodeIgniter\Database\BaseBuilder->update()
#5 /var/www/html/pagos/system/BaseModel.php(1028): CodeIgniter\Model->doUpdate()
#6 /var/www/html/pagos/system/Model.php(865): CodeIgniter\BaseModel->update()
#7 /var/www/html/pagos/app/Controllers/PagoController.php(73): CodeIgniter\Model->update()
#8 /var/www/html/pagos/system/CodeIgniter.php(933): App\Controllers\PagoController->update()
#9 /var/www/html/pagos/system/CodeIgniter.php(509): CodeIgniter\CodeIgniter->runController()
#10 /var/www/html/pagos/system/CodeIgniter.php(355): CodeIgniter\CodeIgniter->handleRequest()
#11 /var/www/html/pagos/system/Boot.php(325): CodeIgniter\CodeIgniter->run()
#12 /var/www/html/pagos/system/Boot.php(67): CodeIgniter\Boot::runCodeIgniter()
#13 /var/www/html/pagos/public/index.php(56): CodeIgniter\Boot::bootWeb()
#14 {main}
CRITICAL - 2024-12-03 21:48:55 --> CodeIgniter\Database\Exceptions\DatabaseException: Duplicate entry '0' for key 'pagos.transaccion_id'
[Method: POST, Route: pagos/15/update]
in SYSTEMPATH/Database/BaseConnection.php on line 688.
 1 SYSTEMPATH/Database/BaseBuilder.php(2516): CodeIgniter\Database\BaseConnection->query()
 2 SYSTEMPATH/Model.php(461): CodeIgniter\Database\BaseBuilder->update()
 3 SYSTEMPATH/BaseModel.php(1028): CodeIgniter\Model->doUpdate()
 4 SYSTEMPATH/Model.php(865): CodeIgniter\BaseModel->update()
 5 APPPATH/Controllers/PagoController.php(73): CodeIgniter\Model->update()
 6 SYSTEMPATH/CodeIgniter.php(933): App\Controllers\PagoController->update()
 7 SYSTEMPATH/CodeIgniter.php(509): CodeIgniter\CodeIgniter->runController()
 8 SYSTEMPATH/CodeIgniter.php(355): CodeIgniter\CodeIgniter->handleRequest()
 9 SYSTEMPATH/Boot.php(325): CodeIgniter\CodeIgniter->run()
10 SYSTEMPATH/Boot.php(67): CodeIgniter\Boot::runCodeIgniter()
11 FCPATH/index.php(56): CodeIgniter\Boot::bootWeb()
CRITICAL - 2024-12-03 21:48:55 --> [Caused by] CodeIgniter\Database\Exceptions\DatabaseException: Duplicate entry '0' for key 'pagos.transaccion_id'
in SYSTEMPATH/Database/MySQLi/Connection.php on line 317.
 1 SYSTEMPATH/Database/BaseConnection.php(734): CodeIgniter\Database\MySQLi\Connection->execute()
 2 SYSTEMPATH/Database/BaseConnection.php(648): CodeIgniter\Database\BaseConnection->simpleQuery()
 3 SYSTEMPATH/Database/BaseBuilder.php(2516): CodeIgniter\Database\BaseConnection->query()
 4 SYSTEMPATH/Model.php(461): CodeIgniter\Database\BaseBuilder->update()
 5 SYSTEMPATH/BaseModel.php(1028): CodeIgniter\Model->doUpdate()
 6 SYSTEMPATH/Model.php(865): CodeIgniter\BaseModel->update()
 7 APPPATH/Controllers/PagoController.php(73): CodeIgniter\Model->update()
 8 SYSTEMPATH/CodeIgniter.php(933): App\Controllers\PagoController->update()
 9 SYSTEMPATH/CodeIgniter.php(509): CodeIgniter\CodeIgniter->runController()
10 SYSTEMPATH/CodeIgniter.php(355): CodeIgniter\CodeIgniter->handleRequest()
11 SYSTEMPATH/Boot.php(325): CodeIgniter\CodeIgniter->run()
12 SYSTEMPATH/Boot.php(67): CodeIgniter\Boot::runCodeIgniter()
13 FCPATH/index.php(56): CodeIgniter\Boot::bootWeb()
CRITICAL - 2024-12-03 21:48:55 --> [Caused by] mysqli_sql_exception: Duplicate entry '0' for key 'pagos.transaccion_id'
in SYSTEMPATH/Database/MySQLi/Connection.php on line 312.
 1 SYSTEMPATH/Database/MySQLi/Connection.php(312): mysqli->query()
 2 SYSTEMPATH/Database/BaseConnection.php(734): CodeIgniter\Database\MySQLi\Connection->execute()
 3 SYSTEMPATH/Database/BaseConnection.php(648): CodeIgniter\Database\BaseConnection->simpleQuery()
 4 SYSTEMPATH/Database/BaseBuilder.php(2516): CodeIgniter\Database\BaseConnection->query()
 5 SYSTEMPATH/Model.php(461): CodeIgniter\Database\BaseBuilder->update()
 6 SYSTEMPATH/BaseModel.php(1028): CodeIgniter\Model->doUpdate()
 7 SYSTEMPATH/Model.php(865): CodeIgniter\BaseModel->update()
 8 APPPATH/Controllers/PagoController.php(73): CodeIgniter\Model->update()
 9 SYSTEMPATH/CodeIgniter.php(933): App\Controllers\PagoController->update()
10 SYSTEMPATH/CodeIgniter.php(509): CodeIgniter\CodeIgniter->runController()
11 SYSTEMPATH/CodeIgniter.php(355): CodeIgniter\CodeIgniter->handleRequest()
12 SYSTEMPATH/Boot.php(325): CodeIgniter\CodeIgniter->run()
13 SYSTEMPATH/Boot.php(67): CodeIgniter\Boot::runCodeIgniter()
14 FCPATH/index.php(56): CodeIgniter\Boot::bootWeb()
ERROR - 2024-12-03 21:52:33 --> mysqli_sql_exception: Duplicate entry '5464' for key 'pagos.transaccion_id' in /var/www/html/pagos/system/Database/MySQLi/Connection.php:312
Stack trace:
#0 /var/www/html/pagos/system/Database/MySQLi/Connection.php(312): mysqli->query()
#1 /var/www/html/pagos/system/Database/BaseConnection.php(734): CodeIgniter\Database\MySQLi\Connection->execute()
#2 /var/www/html/pagos/system/Database/BaseConnection.php(648): CodeIgniter\Database\BaseConnection->simpleQuery()
#3 /var/www/html/pagos/system/Database/BaseBuilder.php(2340): CodeIgniter\Database\BaseConnection->query()
#4 /var/www/html/pagos/system/Model.php(394): CodeIgniter\Database\BaseBuilder->insert()
#5 /var/www/html/pagos/system/BaseModel.php(840): CodeIgniter\Model->doInsert()
#6 /var/www/html/pagos/system/Model.php(802): CodeIgniter\BaseModel->insert()
#7 /var/www/html/pagos/system/BaseModel.php(751): CodeIgniter\Model->insert()
#8 /var/www/html/pagos/app/Controllers/PagoController.php(49): CodeIgniter\BaseModel->save()
#9 /var/www/html/pagos/system/CodeIgniter.php(933): App\Controllers\PagoController->store()
#10 /var/www/html/pagos/system/CodeIgniter.php(509): CodeIgniter\CodeIgniter->runController()
#11 /var/www/html/pagos/system/CodeIgniter.php(355): CodeIgniter\CodeIgniter->handleRequest()
#12 /var/www/html/pagos/system/Boot.php(325): CodeIgniter\CodeIgniter->run()
#13 /var/www/html/pagos/system/Boot.php(67): CodeIgniter\Boot::runCodeIgniter()
#14 /var/www/html/pagos/public/index.php(56): CodeIgniter\Boot::bootWeb()
#15 {main}
CRITICAL - 2024-12-03 21:52:33 --> CodeIgniter\Database\Exceptions\DatabaseException: Duplicate entry '5464' for key 'pagos.transaccion_id'
[Method: POST, Route: pagos/store]
in SYSTEMPATH/Database/BaseConnection.php on line 688.
 1 SYSTEMPATH/Database/BaseBuilder.php(2340): CodeIgniter\Database\BaseConnection->query()
 2 SYSTEMPATH/Model.php(394): CodeIgniter\Database\BaseBuilder->insert()
 3 SYSTEMPATH/BaseModel.php(840): CodeIgniter\Model->doInsert()
 4 SYSTEMPATH/Model.php(802): CodeIgniter\BaseModel->insert()
 5 SYSTEMPATH/BaseModel.php(751): CodeIgniter\Model->insert()
 6 APPPATH/Controllers/PagoController.php(49): CodeIgniter\BaseModel->save()
 7 SYSTEMPATH/CodeIgniter.php(933): App\Controllers\PagoController->store()
 8 SYSTEMPATH/CodeIgniter.php(509): CodeIgniter\CodeIgniter->runController()
 9 SYSTEMPATH/CodeIgniter.php(355): CodeIgniter\CodeIgniter->handleRequest()
10 SYSTEMPATH/Boot.php(325): CodeIgniter\CodeIgniter->run()
11 SYSTEMPATH/Boot.php(67): CodeIgniter\Boot::runCodeIgniter()
12 FCPATH/index.php(56): CodeIgniter\Boot::bootWeb()
CRITICAL - 2024-12-03 21:52:33 --> [Caused by] CodeIgniter\Database\Exceptions\DatabaseException: Duplicate entry '5464' for key 'pagos.transaccion_id'
in SYSTEMPATH/Database/MySQLi/Connection.php on line 317.
 1 SYSTEMPATH/Database/BaseConnection.php(734): CodeIgniter\Database\MySQLi\Connection->execute()
 2 SYSTEMPATH/Database/BaseConnection.php(648): CodeIgniter\Database\BaseConnection->simpleQuery()
 3 SYSTEMPATH/Database/BaseBuilder.php(2340): CodeIgniter\Database\BaseConnection->query()
 4 SYSTEMPATH/Model.php(394): CodeIgniter\Database\BaseBuilder->insert()
 5 SYSTEMPATH/BaseModel.php(840): CodeIgniter\Model->doInsert()
 6 SYSTEMPATH/Model.php(802): CodeIgniter\BaseModel->insert()
 7 SYSTEMPATH/BaseModel.php(751): CodeIgniter\Model->insert()
 8 APPPATH/Controllers/PagoController.php(49): CodeIgniter\BaseModel->save()
 9 SYSTEMPATH/CodeIgniter.php(933): App\Controllers\PagoController->store()
10 SYSTEMPATH/CodeIgniter.php(509): CodeIgniter\CodeIgniter->runController()
11 SYSTEMPATH/CodeIgniter.php(355): CodeIgniter\CodeIgniter->handleRequest()
12 SYSTEMPATH/Boot.php(325): CodeIgniter\CodeIgniter->run()
13 SYSTEMPATH/Boot.php(67): CodeIgniter\Boot::runCodeIgniter()
14 FCPATH/index.php(56): CodeIgniter\Boot::bootWeb()
CRITICAL - 2024-12-03 21:52:33 --> [Caused by] mysqli_sql_exception: Duplicate entry '5464' for key 'pagos.transaccion_id'
in SYSTEMPATH/Database/MySQLi/Connection.php on line 312.
 1 SYSTEMPATH/Database/MySQLi/Connection.php(312): mysqli->query()
 2 SYSTEMPATH/Database/BaseConnection.php(734): CodeIgniter\Database\MySQLi\Connection->execute()
 3 SYSTEMPATH/Database/BaseConnection.php(648): CodeIgniter\Database\BaseConnection->simpleQuery()
 4 SYSTEMPATH/Database/BaseBuilder.php(2340): CodeIgniter\Database\BaseConnection->query()
 5 SYSTEMPATH/Model.php(394): CodeIgniter\Database\BaseBuilder->insert()
 6 SYSTEMPATH/BaseModel.php(840): CodeIgniter\Model->doInsert()
 7 SYSTEMPATH/Model.php(802): CodeIgniter\BaseModel->insert()
 8 SYSTEMPATH/BaseModel.php(751): CodeIgniter\Model->insert()
 9 APPPATH/Controllers/PagoController.php(49): CodeIgniter\BaseModel->save()
10 SYSTEMPATH/CodeIgniter.php(933): App\Controllers\PagoController->store()
11 SYSTEMPATH/CodeIgniter.php(509): CodeIgniter\CodeIgniter->runController()
12 SYSTEMPATH/CodeIgniter.php(355): CodeIgniter\CodeIgniter->handleRequest()
13 SYSTEMPATH/Boot.php(325): CodeIgniter\CodeIgniter->run()
14 SYSTEMPATH/Boot.php(67): CodeIgniter\Boot::runCodeIgniter()
15 FCPATH/index.php(56): CodeIgniter\Boot::bootWeb()
ERROR - 2024-12-03 21:53:07 --> mysqli_sql_exception: Duplicate entry '0' for key 'pagos.transaccion_id' in /var/www/html/pagos/system/Database/MySQLi/Connection.php:312
Stack trace:
#0 /var/www/html/pagos/system/Database/MySQLi/Connection.php(312): mysqli->query()
#1 /var/www/html/pagos/system/Database/BaseConnection.php(734): CodeIgniter\Database\MySQLi\Connection->execute()
#2 /var/www/html/pagos/system/Database/BaseConnection.php(648): CodeIgniter\Database\BaseConnection->simpleQuery()
#3 /var/www/html/pagos/system/Database/BaseBuilder.php(2516): CodeIgniter\Database\BaseConnection->query()
#4 /var/www/html/pagos/system/Model.php(461): CodeIgniter\Database\BaseBuilder->update()
#5 /var/www/html/pagos/system/BaseModel.php(1028): CodeIgniter\Model->doUpdate()
#6 /var/www/html/pagos/system/Model.php(865): CodeIgniter\BaseModel->update()
#7 /var/www/html/pagos/app/Controllers/PagoController.php(73): CodeIgniter\Model->update()
#8 /var/www/html/pagos/system/CodeIgniter.php(933): App\Controllers\PagoController->update()
#9 /var/www/html/pagos/system/CodeIgniter.php(509): CodeIgniter\CodeIgniter->runController()
#10 /var/www/html/pagos/system/CodeIgniter.php(355): CodeIgniter\CodeIgniter->handleRequest()
#11 /var/www/html/pagos/system/Boot.php(325): CodeIgniter\CodeIgniter->run()
#12 /var/www/html/pagos/system/Boot.php(67): CodeIgniter\Boot::runCodeIgniter()
#13 /var/www/html/pagos/public/index.php(56): CodeIgniter\Boot::bootWeb()
#14 {main}
CRITICAL - 2024-12-03 21:53:07 --> CodeIgniter\Database\Exceptions\DatabaseException: Duplicate entry '0' for key 'pagos.transaccion_id'
[Method: POST, Route: pagos/8/update]
in SYSTEMPATH/Database/BaseConnection.php on line 688.
 1 SYSTEMPATH/Database/BaseBuilder.php(2516): CodeIgniter\Database\BaseConnection->query()
 2 SYSTEMPATH/Model.php(461): CodeIgniter\Database\BaseBuilder->update()
 3 SYSTEMPATH/BaseModel.php(1028): CodeIgniter\Model->doUpdate()
 4 SYSTEMPATH/Model.php(865): CodeIgniter\BaseModel->update()
 5 APPPATH/Controllers/PagoController.php(73): CodeIgniter\Model->update()
 6 SYSTEMPATH/CodeIgniter.php(933): App\Controllers\PagoController->update()
 7 SYSTEMPATH/CodeIgniter.php(509): CodeIgniter\CodeIgniter->runController()
 8 SYSTEMPATH/CodeIgniter.php(355): CodeIgniter\CodeIgniter->handleRequest()
 9 SYSTEMPATH/Boot.php(325): CodeIgniter\CodeIgniter->run()
10 SYSTEMPATH/Boot.php(67): CodeIgniter\Boot::runCodeIgniter()
11 FCPATH/index.php(56): CodeIgniter\Boot::bootWeb()
CRITICAL - 2024-12-03 21:53:07 --> [Caused by] CodeIgniter\Database\Exceptions\DatabaseException: Duplicate entry '0' for key 'pagos.transaccion_id'
in SYSTEMPATH/Database/MySQLi/Connection.php on line 317.
 1 SYSTEMPATH/Database/BaseConnection.php(734): CodeIgniter\Database\MySQLi\Connection->execute()
 2 SYSTEMPATH/Database/BaseConnection.php(648): CodeIgniter\Database\BaseConnection->simpleQuery()
 3 SYSTEMPATH/Database/BaseBuilder.php(2516): CodeIgniter\Database\BaseConnection->query()
 4 SYSTEMPATH/Model.php(461): CodeIgniter\Database\BaseBuilder->update()
 5 SYSTEMPATH/BaseModel.php(1028): CodeIgniter\Model->doUpdate()
 6 SYSTEMPATH/Model.php(865): CodeIgniter\BaseModel->update()
 7 APPPATH/Controllers/PagoController.php(73): CodeIgniter\Model->update()
 8 SYSTEMPATH/CodeIgniter.php(933): App\Controllers\PagoController->update()
 9 SYSTEMPATH/CodeIgniter.php(509): CodeIgniter\CodeIgniter->runController()
10 SYSTEMPATH/CodeIgniter.php(355): CodeIgniter\CodeIgniter->handleRequest()
11 SYSTEMPATH/Boot.php(325): CodeIgniter\CodeIgniter->run()
12 SYSTEMPATH/Boot.php(67): CodeIgniter\Boot::runCodeIgniter()
13 FCPATH/index.php(56): CodeIgniter\Boot::bootWeb()
CRITICAL - 2024-12-03 21:53:07 --> [Caused by] mysqli_sql_exception: Duplicate entry '0' for key 'pagos.transaccion_id'
in SYSTEMPATH/Database/MySQLi/Connection.php on line 312.
 1 SYSTEMPATH/Database/MySQLi/Connection.php(312): mysqli->query()
 2 SYSTEMPATH/Database/BaseConnection.php(734): CodeIgniter\Database\MySQLi\Connection->execute()
 3 SYSTEMPATH/Database/BaseConnection.php(648): CodeIgniter\Database\BaseConnection->simpleQuery()
 4 SYSTEMPATH/Database/BaseBuilder.php(2516): CodeIgniter\Database\BaseConnection->query()
 5 SYSTEMPATH/Model.php(461): CodeIgniter\Database\BaseBuilder->update()
 6 SYSTEMPATH/BaseModel.php(1028): CodeIgniter\Model->doUpdate()
 7 SYSTEMPATH/Model.php(865): CodeIgniter\BaseModel->update()
 8 APPPATH/Controllers/PagoController.php(73): CodeIgniter\Model->update()
 9 SYSTEMPATH/CodeIgniter.php(933): App\Controllers\PagoController->update()
10 SYSTEMPATH/CodeIgniter.php(509): CodeIgniter\CodeIgniter->runController()
11 SYSTEMPATH/CodeIgniter.php(355): CodeIgniter\CodeIgniter->handleRequest()
12 SYSTEMPATH/Boot.php(325): CodeIgniter\CodeIgniter->run()
13 SYSTEMPATH/Boot.php(67): CodeIgniter\Boot::runCodeIgniter()
14 FCPATH/index.php(56): CodeIgniter\Boot::bootWeb()
ERROR - 2024-12-03 22:00:00 --> mysqli_sql_exception: Duplicate entry '546546' for key 'pagos.transaccion_id' in /var/www/html/pagos/system/Database/MySQLi/Connection.php:312
Stack trace:
#0 /var/www/html/pagos/system/Database/MySQLi/Connection.php(312): mysqli->query()
#1 /var/www/html/pagos/system/Database/BaseConnection.php(734): CodeIgniter\Database\MySQLi\Connection->execute()
#2 /var/www/html/pagos/system/Database/BaseConnection.php(648): CodeIgniter\Database\BaseConnection->simpleQuery()
#3 /var/www/html/pagos/system/Database/BaseBuilder.php(2340): CodeIgniter\Database\BaseConnection->query()
#4 /var/www/html/pagos/system/Model.php(394): CodeIgniter\Database\BaseBuilder->insert()
#5 /var/www/html/pagos/system/BaseModel.php(840): CodeIgniter\Model->doInsert()
#6 /var/www/html/pagos/system/Model.php(802): CodeIgniter\BaseModel->insert()
#7 /var/www/html/pagos/system/BaseModel.php(751): CodeIgniter\Model->insert()
#8 /var/www/html/pagos/app/Controllers/PagoController.php(49): CodeIgniter\BaseModel->save()
#9 /var/www/html/pagos/system/CodeIgniter.php(933): App\Controllers\PagoController->store()
#10 /var/www/html/pagos/system/CodeIgniter.php(509): CodeIgniter\CodeIgniter->runController()
#11 /var/www/html/pagos/system/CodeIgniter.php(355): CodeIgniter\CodeIgniter->handleRequest()
#12 /var/www/html/pagos/system/Boot.php(325): CodeIgniter\CodeIgniter->run()
#13 /var/www/html/pagos/system/Boot.php(67): CodeIgniter\Boot::runCodeIgniter()
#14 /var/www/html/pagos/public/index.php(56): CodeIgniter\Boot::bootWeb()
#15 {main}
CRITICAL - 2024-12-03 22:00:00 --> CodeIgniter\Database\Exceptions\DatabaseException: Duplicate entry '546546' for key 'pagos.transaccion_id'
[Method: POST, Route: pagos/store]
in SYSTEMPATH/Database/BaseConnection.php on line 688.
 1 SYSTEMPATH/Database/BaseBuilder.php(2340): CodeIgniter\Database\BaseConnection->query()
 2 SYSTEMPATH/Model.php(394): CodeIgniter\Database\BaseBuilder->insert()
 3 SYSTEMPATH/BaseModel.php(840): CodeIgniter\Model->doInsert()
 4 SYSTEMPATH/Model.php(802): CodeIgniter\BaseModel->insert()
 5 SYSTEMPATH/BaseModel.php(751): CodeIgniter\Model->insert()
 6 APPPATH/Controllers/PagoController.php(49): CodeIgniter\BaseModel->save()
 7 SYSTEMPATH/CodeIgniter.php(933): App\Controllers\PagoController->store()
 8 SYSTEMPATH/CodeIgniter.php(509): CodeIgniter\CodeIgniter->runController()
 9 SYSTEMPATH/CodeIgniter.php(355): CodeIgniter\CodeIgniter->handleRequest()
10 SYSTEMPATH/Boot.php(325): CodeIgniter\CodeIgniter->run()
11 SYSTEMPATH/Boot.php(67): CodeIgniter\Boot::runCodeIgniter()
12 FCPATH/index.php(56): CodeIgniter\Boot::bootWeb()
CRITICAL - 2024-12-03 22:00:00 --> [Caused by] CodeIgniter\Database\Exceptions\DatabaseException: Duplicate entry '546546' for key 'pagos.transaccion_id'
in SYSTEMPATH/Database/MySQLi/Connection.php on line 317.
 1 SYSTEMPATH/Database/BaseConnection.php(734): CodeIgniter\Database\MySQLi\Connection->execute()
 2 SYSTEMPATH/Database/BaseConnection.php(648): CodeIgniter\Database\BaseConnection->simpleQuery()
 3 SYSTEMPATH/Database/BaseBuilder.php(2340): CodeIgniter\Database\BaseConnection->query()
 4 SYSTEMPATH/Model.php(394): CodeIgniter\Database\BaseBuilder->insert()
 5 SYSTEMPATH/BaseModel.php(840): CodeIgniter\Model->doInsert()
 6 SYSTEMPATH/Model.php(802): CodeIgniter\BaseModel->insert()
 7 SYSTEMPATH/BaseModel.php(751): CodeIgniter\Model->insert()
 8 APPPATH/Controllers/PagoController.php(49): CodeIgniter\BaseModel->save()
 9 SYSTEMPATH/CodeIgniter.php(933): App\Controllers\PagoController->store()
10 SYSTEMPATH/CodeIgniter.php(509): CodeIgniter\CodeIgniter->runController()
11 SYSTEMPATH/CodeIgniter.php(355): CodeIgniter\CodeIgniter->handleRequest()
12 SYSTEMPATH/Boot.php(325): CodeIgniter\CodeIgniter->run()
13 SYSTEMPATH/Boot.php(67): CodeIgniter\Boot::runCodeIgniter()
14 FCPATH/index.php(56): CodeIgniter\Boot::bootWeb()
CRITICAL - 2024-12-03 22:00:00 --> [Caused by] mysqli_sql_exception: Duplicate entry '546546' for key 'pagos.transaccion_id'
in SYSTEMPATH/Database/MySQLi/Connection.php on line 312.
 1 SYSTEMPATH/Database/MySQLi/Connection.php(312): mysqli->query()
 2 SYSTEMPATH/Database/BaseConnection.php(734): CodeIgniter\Database\MySQLi\Connection->execute()
 3 SYSTEMPATH/Database/BaseConnection.php(648): CodeIgniter\Database\BaseConnection->simpleQuery()
 4 SYSTEMPATH/Database/BaseBuilder.php(2340): CodeIgniter\Database\BaseConnection->query()
 5 SYSTEMPATH/Model.php(394): CodeIgniter\Database\BaseBuilder->insert()
 6 SYSTEMPATH/BaseModel.php(840): CodeIgniter\Model->doInsert()
 7 SYSTEMPATH/Model.php(802): CodeIgniter\BaseModel->insert()
 8 SYSTEMPATH/BaseModel.php(751): CodeIgniter\Model->insert()
 9 APPPATH/Controllers/PagoController.php(49): CodeIgniter\BaseModel->save()
10 SYSTEMPATH/CodeIgniter.php(933): App\Controllers\PagoController->store()
11 SYSTEMPATH/CodeIgniter.php(509): CodeIgniter\CodeIgniter->runController()
12 SYSTEMPATH/CodeIgniter.php(355): CodeIgniter\CodeIgniter->handleRequest()
13 SYSTEMPATH/Boot.php(325): CodeIgniter\CodeIgniter->run()
14 SYSTEMPATH/Boot.php(67): CodeIgniter\Boot::runCodeIgniter()
15 FCPATH/index.php(56): CodeIgniter\Boot::bootWeb()
ERROR - 2024-12-03 22:02:01 --> mysqli_sql_exception: Duplicate entry '0' for key 'pagos.transaccion_id' in /var/www/html/pagos/system/Database/MySQLi/Connection.php:312
Stack trace:
#0 /var/www/html/pagos/system/Database/MySQLi/Connection.php(312): mysqli->query()
#1 /var/www/html/pagos/system/Database/BaseConnection.php(734): CodeIgniter\Database\MySQLi\Connection->execute()
#2 /var/www/html/pagos/system/Database/BaseConnection.php(648): CodeIgniter\Database\BaseConnection->simpleQuery()
#3 /var/www/html/pagos/system/Database/BaseBuilder.php(2516): CodeIgniter\Database\BaseConnection->query()
#4 /var/www/html/pagos/system/Model.php(461): CodeIgniter\Database\BaseBuilder->update()
#5 /var/www/html/pagos/system/BaseModel.php(1028): CodeIgniter\Model->doUpdate()
#6 /var/www/html/pagos/system/Model.php(865): CodeIgniter\BaseModel->update()
#7 /var/www/html/pagos/app/Controllers/PagoController.php(73): CodeIgniter\Model->update()
#8 /var/www/html/pagos/system/CodeIgniter.php(933): App\Controllers\PagoController->update()
#9 /var/www/html/pagos/system/CodeIgniter.php(509): CodeIgniter\CodeIgniter->runController()
#10 /var/www/html/pagos/system/CodeIgniter.php(355): CodeIgniter\CodeIgniter->handleRequest()
#11 /var/www/html/pagos/system/Boot.php(325): CodeIgniter\CodeIgniter->run()
#12 /var/www/html/pagos/system/Boot.php(67): CodeIgniter\Boot::runCodeIgniter()
#13 /var/www/html/pagos/public/index.php(56): CodeIgniter\Boot::bootWeb()
#14 {main}
CRITICAL - 2024-12-03 22:02:01 --> CodeIgniter\Database\Exceptions\DatabaseException: Duplicate entry '0' for key 'pagos.transaccion_id'
[Method: POST, Route: pagos/23/update]
in SYSTEMPATH/Database/BaseConnection.php on line 688.
 1 SYSTEMPATH/Database/BaseBuilder.php(2516): CodeIgniter\Database\BaseConnection->query()
 2 SYSTEMPATH/Model.php(461): CodeIgniter\Database\BaseBuilder->update()
 3 SYSTEMPATH/BaseModel.php(1028): CodeIgniter\Model->doUpdate()
 4 SYSTEMPATH/Model.php(865): CodeIgniter\BaseModel->update()
 5 APPPATH/Controllers/PagoController.php(73): CodeIgniter\Model->update()
 6 SYSTEMPATH/CodeIgniter.php(933): App\Controllers\PagoController->update()
 7 SYSTEMPATH/CodeIgniter.php(509): CodeIgniter\CodeIgniter->runController()
 8 SYSTEMPATH/CodeIgniter.php(355): CodeIgniter\CodeIgniter->handleRequest()
 9 SYSTEMPATH/Boot.php(325): CodeIgniter\CodeIgniter->run()
10 SYSTEMPATH/Boot.php(67): CodeIgniter\Boot::runCodeIgniter()
11 FCPATH/index.php(56): CodeIgniter\Boot::bootWeb()
CRITICAL - 2024-12-03 22:02:01 --> [Caused by] CodeIgniter\Database\Exceptions\DatabaseException: Duplicate entry '0' for key 'pagos.transaccion_id'
in SYSTEMPATH/Database/MySQLi/Connection.php on line 317.
 1 SYSTEMPATH/Database/BaseConnection.php(734): CodeIgniter\Database\MySQLi\Connection->execute()
 2 SYSTEMPATH/Database/BaseConnection.php(648): CodeIgniter\Database\BaseConnection->simpleQuery()
 3 SYSTEMPATH/Database/BaseBuilder.php(2516): CodeIgniter\Database\BaseConnection->query()
 4 SYSTEMPATH/Model.php(461): CodeIgniter\Database\BaseBuilder->update()
 5 SYSTEMPATH/BaseModel.php(1028): CodeIgniter\Model->doUpdate()
 6 SYSTEMPATH/Model.php(865): CodeIgniter\BaseModel->update()
 7 APPPATH/Controllers/PagoController.php(73): CodeIgniter\Model->update()
 8 SYSTEMPATH/CodeIgniter.php(933): App\Controllers\PagoController->update()
 9 SYSTEMPATH/CodeIgniter.php(509): CodeIgniter\CodeIgniter->runController()
10 SYSTEMPATH/CodeIgniter.php(355): CodeIgniter\CodeIgniter->handleRequest()
11 SYSTEMPATH/Boot.php(325): CodeIgniter\CodeIgniter->run()
12 SYSTEMPATH/Boot.php(67): CodeIgniter\Boot::runCodeIgniter()
13 FCPATH/index.php(56): CodeIgniter\Boot::bootWeb()
CRITICAL - 2024-12-03 22:02:01 --> [Caused by] mysqli_sql_exception: Duplicate entry '0' for key 'pagos.transaccion_id'
in SYSTEMPATH/Database/MySQLi/Connection.php on line 312.
 1 SYSTEMPATH/Database/MySQLi/Connection.php(312): mysqli->query()
 2 SYSTEMPATH/Database/BaseConnection.php(734): CodeIgniter\Database\MySQLi\Connection->execute()
 3 SYSTEMPATH/Database/BaseConnection.php(648): CodeIgniter\Database\BaseConnection->simpleQuery()
 4 SYSTEMPATH/Database/BaseBuilder.php(2516): CodeIgniter\Database\BaseConnection->query()
 5 SYSTEMPATH/Model.php(461): CodeIgniter\Database\BaseBuilder->update()
 6 SYSTEMPATH/BaseModel.php(1028): CodeIgniter\Model->doUpdate()
 7 SYSTEMPATH/Model.php(865): CodeIgniter\BaseModel->update()
 8 APPPATH/Controllers/PagoController.php(73): CodeIgniter\Model->update()
 9 SYSTEMPATH/CodeIgniter.php(933): App\Controllers\PagoController->update()
10 SYSTEMPATH/CodeIgniter.php(509): CodeIgniter\CodeIgniter->runController()
11 SYSTEMPATH/CodeIgniter.php(355): CodeIgniter\CodeIgniter->handleRequest()
12 SYSTEMPATH/Boot.php(325): CodeIgniter\CodeIgniter->run()
13 SYSTEMPATH/Boot.php(67): CodeIgniter\Boot::runCodeIgniter()
14 FCPATH/index.php(56): CodeIgniter\Boot::bootWeb()
